This is pdfTeX, Version 3.14159265-2.6-1.40.18 (MiKTeX 2.9.6500 64-bit) (preloaded format=pdflatex 2017.11.20)  4 MAY 2019 20:15
entering extended mode
**./synthèse.tex
(synthèse.tex
LaTeX2e <2017-04-15>
Babel <3.15> and hyphenation patterns for 75 language(s) loaded.
("C:\Program Files\MiKTeX 2.9\tex\latex\base\article.cls"
Document Class: article 2014/09/29 v1.4h Standard LaTeX document class
("C:\Program Files\MiKTeX 2.9\tex\latex\base\size10.clo"
File: size10.clo 2014/09/29 v1.4h Standard LaTeX file (size option)
)
\c@part=\count79
\c@section=\count80
\c@subsection=\count81
\c@subsubsection=\count82
\c@paragraph=\count83
\c@subparagraph=\count84
\c@figure=\count85
\c@table=\count86
\abovecaptionskip=\skip41
\belowcaptionskip=\skip42
\bibindent=\dimen102
)
("C:\Program Files\MiKTeX 2.9\tex\latex\base\inputenc.sty"
Package: inputenc 2015/03/17 v1.2c Input encoding file
\inpenc@prehook=\toks14
\inpenc@posthook=\toks15

("C:\Program Files\MiKTeX 2.9\tex\latex\base\latin1.def"
File: latin1.def 2015/03/17 v1.2c Input encoding file
))
("C:\Program Files\MiKTeX 2.9\tex\latex\base\fontenc.sty"
Package: fontenc 2017/04/05 v2.0i Standard LaTeX package

("C:\Program Files\MiKTeX 2.9\tex\latex\base\t1enc.def"
File: t1enc.def 2017/04/05 v2.0i Standard LaTeX file
LaTeX Font Info:    Redeclaring font encoding T1 on input line 48.
))
("C:\Program Files\MiKTeX 2.9\tex\generic\babel\babel.sty"
Package: babel 2017/11/03 3.15 The Babel package

("C:\Program Files\MiKTeX 2.9\tex\generic\babel\switch.def"
File: switch.def 2017/11/03 3.15 Babel switching mechanism
)
*************************************
* Local config file bblopts.cfg used
*
(C:\Users\Utilisateur\AppData\Roaming\MiKTeX\2.9\tex\latex\arabi\bblopts.cfg
File: bblopts.cfg 2005/09/08 v0.1 add Arabic and Farsi to "declared" options of
 babel
)
("C:\Program Files\MiKTeX 2.9\tex\generic\babel-french\french.ldf"
Language: french 2017/10/19 v3.3d French support from the babel system

("C:\Program Files\MiKTeX 2.9\tex\generic\babel\babel.def"
File: babel.def 2017/11/03 3.15 Babel common definitions

("C:\Program Files\MiKTeX 2.9\tex\generic\babel\switch.def"
File: switch.def 2017/11/03 3.15 Babel switching mechanism
)
\babel@savecnt=\count87
\U@D=\dimen103
)
\FB@nonchar=\count88
\FBcolonsp=\toks16
\FBthinsp=\toks17
Package babel Info: Making : an active character on input line 322.
Package babel Info: Making ; an active character on input line 323.
Package babel Info: Making ! an active character on input line 324.
Package babel Info: Making ? an active character on input line 325.
\FBguillsp=\toks18
\FBguill@level=\count89
\FB@everypar=\toks19
\FB@Mht=\dimen104
\mc@charclass=\count90
\mc@charfam=\count91
\mc@charslot=\count92
\std@mcc=\count93
\dec@mcc=\count94
\c@FBcaption@count=\count95
\listindentFB=\skip43
\descindentFB=\skip44
\labelwidthFB=\skip45
\leftmarginFB=\skip46
\parindentFFN=\dimen105
\FBfnindent=\skip47
))
("C:\Program Files\MiKTeX 2.9\tex\latex\carlisle\scalefnt.sty")
("C:\Program Files\MiKTeX 2.9\tex\latex\graphics\keyval.sty"
Package: keyval 2014/10/28 v1.15 key=value parser (DPC)
\KV@toks@=\toks20
)
("C:\Program Files\MiKTeX 2.9\tex\latex\graphics\graphicx.sty"
Package: graphicx 2017/06/01 v1.1a Enhanced LaTeX Graphics (DPC,SPQR)

("C:\Program Files\MiKTeX 2.9\tex\latex\graphics\graphics.sty"
Package: graphics 2017/06/25 v1.2c Standard LaTeX Graphics (DPC,SPQR)

("C:\Program Files\MiKTeX 2.9\tex\latex\graphics\trig.sty"
Package: trig 2016/01/03 v1.10 sin cos tan (DPC)
)
("C:\Program Files\MiKTeX 2.9\tex\latex\graphics-cfg\graphics.cfg"
File: graphics.cfg 2016/06/04 v1.11 sample graphics configuration
)
Package graphics Info: Driver file: pdftex.def on input line 99.

("C:\Program Files\MiKTeX 2.9\tex\latex\graphics-def\pdftex.def"
File: pdftex.def 2017/06/24 v1.0g Graphics/color driver for pdftex
))
\Gin@req@height=\dimen106
\Gin@req@width=\dimen107
)
("C:\Program Files\MiKTeX 2.9\tex\latex\float\float.sty"
Package: float 2001/11/08 v1.3d Float enhancements (AL)
\c@float@type=\count96
\float@exts=\toks21
\float@box=\box26
\@float@everytoks=\toks22
\@floatcapt=\box27
)
("C:\Program Files\MiKTeX 2.9\tex\latex\amsmath\amsmath.sty"
Package: amsmath 2017/09/02 v2.17a AMS math features
\@mathmargin=\skip48

For additional information on amsmath, use the `?' option.
("C:\Program Files\MiKTeX 2.9\tex\latex\amsmath\amstext.sty"
Package: amstext 2000/06/29 v2.01 AMS text

("C:\Program Files\MiKTeX 2.9\tex\latex\amsmath\amsgen.sty"
File: amsgen.sty 1999/11/30 v2.0 generic functions
\@emptytoks=\toks23
\ex@=\dimen108
))
("C:\Program Files\MiKTeX 2.9\tex\latex\amsmath\amsbsy.sty"
Package: amsbsy 1999/11/29 v1.2d Bold Symbols
\pmbraise@=\dimen109
)
("C:\Program Files\MiKTeX 2.9\tex\latex\amsmath\amsopn.sty"
Package: amsopn 2016/03/08 v2.02 operator names
)
\inf@bad=\count97
LaTeX Info: Redefining \frac on input line 213.
\uproot@=\count98
\leftroot@=\count99
LaTeX Info: Redefining \overline on input line 375.
\classnum@=\count100
\DOTSCASE@=\count101
LaTeX Info: Redefining \ldots on input line 472.
LaTeX Info: Redefining \dots on input line 475.
LaTeX Info: Redefining \cdots on input line 596.
\Mathstrutbox@=\box28
\strutbox@=\box29
\big@size=\dimen110
LaTeX Font Info:    Redeclaring font encoding OML on input line 712.
LaTeX Font Info:    Redeclaring font encoding OMS on input line 713.
\macc@depth=\count102
\c@MaxMatrixCols=\count103
\dotsspace@=\muskip10
\c@parentequation=\count104
\dspbrk@lvl=\count105
\tag@help=\toks24
\row@=\count106
\column@=\count107
\maxfields@=\count108
\andhelp@=\toks25
\eqnshift@=\dimen111
\alignsep@=\dimen112
\tagshift@=\dimen113
\tagwidth@=\dimen114
\totwidth@=\dimen115
\lineht@=\dimen116
\@envbody=\toks26
\multlinegap=\skip49
\multlinetaggap=\skip50
\mathdisplay@stack=\toks27
LaTeX Info: Redefining \[ on input line 2817.
LaTeX Info: Redefining \] on input line 2818.
)
("C:\Program Files\MiKTeX 2.9\tex\latex\amsfonts\amssymb.sty"
Package: amssymb 2013/01/14 v3.01 AMS font symbols

("C:\Program Files\MiKTeX 2.9\tex\latex\amsfonts\amsfonts.sty"
Package: amsfonts 2013/01/14 v3.01 Basic AMSFonts support
\symAMSa=\mathgroup4
\symAMSb=\mathgroup5
LaTeX Font Info:    Overwriting math alphabet `\mathfrak' in version `bold'
(Font)                  U/euf/m/n --> U/euf/b/n on input line 106.
))
("C:\Program Files\MiKTeX 2.9\tex\latex\jknappen\mathrsfs.sty"
Package: mathrsfs 1996/01/01 Math RSFS package v1.0 (jk)
\symrsfs=\mathgroup6
)
("C:\Program Files\MiKTeX 2.9\tex\latex\graphics\color.sty"
Package: color 2016/07/10 v1.1e Standard LaTeX Color (DPC)

("C:\Program Files\MiKTeX 2.9\tex\latex\graphics-cfg\color.cfg"
File: color.cfg 2016/01/02 v1.6 sample color configuration
)
Package color Info: Driver file: pdftex.def on input line 147.
)
(C:\Users\Utilisateur\AppData\Roaming\MiKTeX\2.9\tex\latex\fancyhdr\fancyhdr.st
y
Package: fancyhdr 2017/06/30 v3.9a Extensive control of page headers and footer
s
\f@nch@headwidth=\skip51
\f@nch@O@elh=\skip52
\f@nch@O@erh=\skip53
\f@nch@O@olh=\skip54
\f@nch@O@orh=\skip55
\f@nch@O@elf=\skip56
\f@nch@O@erf=\skip57
\f@nch@O@olf=\skip58
\f@nch@O@orf=\skip59
)
(C:\Users\Utilisateur\AppData\Roaming\MiKTeX\2.9\tex\latex\pdfpages\pdfpages.st
y
Package: pdfpages 2017/10/31 v0.5l Insert pages of external PDF documents (AM)
 ("C:\Program Files\MiKTeX 2.9\tex\latex\base\ifthen.sty"
Package: ifthen 2014/09/29 v1.1c Standard LaTeX ifthen package (DPC)
)
("C:\Program Files\MiKTeX 2.9\tex\latex\tools\calc.sty"
Package: calc 2014/10/28 v4.3 Infix arithmetic (KKT,FJ)
\calc@Acount=\count109
\calc@Bcount=\count110
\calc@Adimen=\dimen117
\calc@Bdimen=\dimen118
\calc@Askip=\skip60
\calc@Bskip=\skip61
LaTeX Info: Redefining \setlength on input line 80.
LaTeX Info: Redefining \addtolength on input line 81.
\calc@Ccount=\count111
\calc@Cskip=\skip62
)
(C:\Users\Utilisateur\AppData\Roaming\MiKTeX\2.9\tex\latex\eso-pic\eso-pic.sty
Package: eso-pic 2015/07/21 v2.0g eso-pic (RN)

("C:\Program Files\MiKTeX 2.9\tex\generic\oberdiek\atbegshi.sty"
Package: atbegshi 2016/06/09 v1.18 At begin shipout hook (HO)

("C:\Program Files\MiKTeX 2.9\tex\generic\oberdiek\infwarerr.sty"
Package: infwarerr 2016/05/16 v1.4 Providing info/warning/error messages (HO)
)
("C:\Program Files\MiKTeX 2.9\tex\generic\oberdiek\ltxcmds.sty"
Package: ltxcmds 2016/05/16 v1.23 LaTeX kernel commands for general use (HO)
)
("C:\Program Files\MiKTeX 2.9\tex\generic\oberdiek\ifpdf.sty"
Package: ifpdf 2017/03/15 v3.2 Provides the ifpdf switch
)))
\AM@pagewidth=\dimen119
\AM@pageheight=\dimen120

(C:\Users\Utilisateur\AppData\Roaming\MiKTeX\2.9\tex\latex\pdfpages\pppdftex.de
f
File: pppdftex.def 2017/10/31 v0.5l Pdfpages driver for pdfTeX (AM)
)
\AM@pagebox=\box30
\AM@global@opts=\toks28
\AM@toc@title=\toks29
\c@AM@survey=\count112
\AM@templatesizebox=\box31
) ("C:\Program Files\MiKTeX 2.9\tex\latex\tools\layout.sty"
Package: layout 2014/10/28 v1.2c Show layout parameters
\oneinch=\count113
\cnt@paperwidth=\count114
\cnt@paperheight=\count115
\cnt@hoffset=\count116
\cnt@voffset=\count117
\cnt@textheight=\count118
\cnt@textwidth=\count119
\cnt@topmargin=\count120
\cnt@oddsidemargin=\count121
\cnt@evensidemargin=\count122
\cnt@headheight=\count123
\cnt@headsep=\count124
\cnt@marginparsep=\count125
\cnt@marginparwidth=\count126
\cnt@marginparpush=\count127
\cnt@footskip=\count128
\fheight=\count129
\ref@top=\count130
\ref@hoffset=\count131
\ref@voffset=\count132
\ref@head=\count133
\ref@body=\count134
\ref@foot=\count135
\ref@margin=\count136
\ref@marginwidth=\count137
\ref@marginpar=\count138
\Interval=\count139
\ExtraYPos=\count140
\PositionX=\count141
\PositionY=\count142
\ArrowLength=\count143
)
("C:\Program Files\MiKTeX 2.9\tex\latex\tools\multicol.sty"
Package: multicol 2017/04/11 v1.8q multicolumn formatting (FMi)
\c@tracingmulticols=\count144
\mult@box=\box32
\multicol@leftmargin=\dimen121
\c@unbalance=\count145
\c@collectmore=\count146
\doublecol@number=\count147
\multicoltolerance=\count148
\multicolpretolerance=\count149
\full@width=\dimen122
\page@free=\dimen123
\premulticols=\dimen124
\postmulticols=\dimen125
\multicolsep=\skip63
\multicolbaselineskip=\skip64
\partial@page=\box33
\last@line=\box34
\maxbalancingoverflow=\dimen126
\mult@rightbox=\box35
\mult@grightbox=\box36
\mult@gfirstbox=\box37
\mult@firstbox=\box38
\@tempa=\box39
\@tempa=\box40
\@tempa=\box41
\@tempa=\box42
\@tempa=\box43
\@tempa=\box44
\@tempa=\box45
\@tempa=\box46
\@tempa=\box47
\@tempa=\box48
\@tempa=\box49
\@tempa=\box50
\@tempa=\box51
\@tempa=\box52
\@tempa=\box53
\@tempa=\box54
\@tempa=\box55
\c@columnbadness=\count150
\c@finalcolumnbadness=\count151
\last@try=\dimen127
\multicolovershoot=\dimen128
\multicolundershoot=\dimen129
\mult@nat@firstbox=\box56
\colbreak@box=\box57
\mc@col@check@num=\count152
)
(C:\Users\Utilisateur\AppData\Roaming\MiKTeX\2.9\tex\latex\setspace\setspace.st
y
Package: setspace 2011/12/19 v6.7a set line spacing
) ("C:\Program Files\MiKTeX 2.9\tex\latex\hyperref\hyperref.sty"
Package: hyperref 2017/03/14 v6.85a Hypertext links for LaTeX

("C:\Program Files\MiKTeX 2.9\tex\generic\oberdiek\hobsub-hyperref.sty"
Package: hobsub-hyperref 2016/05/16 v1.14 Bundle oberdiek, subset hyperref (HO)


("C:\Program Files\MiKTeX 2.9\tex\generic\oberdiek\hobsub-generic.sty"
Package: hobsub-generic 2016/05/16 v1.14 Bundle oberdiek, subset generic (HO)
Package: hobsub 2016/05/16 v1.14 Construct package bundles (HO)
Package hobsub Info: Skipping package `infwarerr' (already loaded).
Package hobsub Info: Skipping package `ltxcmds' (already loaded).
Package: ifluatex 2016/05/16 v1.4 Provides the ifluatex switch (HO)
Package ifluatex Info: LuaTeX not detected.
Package: ifvtex 2016/05/16 v1.6 Detect VTeX and its facilities (HO)
Package ifvtex Info: VTeX not detected.
Package: intcalc 2016/05/16 v1.2 Expandable calculations with integers (HO)
Package hobsub Info: Skipping package `ifpdf' (already loaded).
Package: etexcmds 2016/05/16 v1.6 Avoid name clashes with e-TeX commands (HO)
Package etexcmds Info: Could not find \expanded.
(etexcmds)             That can mean that you are not using pdfTeX 1.50 or
(etexcmds)             that some package has redefined \expanded.
(etexcmds)             In the latter case, load this package earlier.
Package: kvsetkeys 2016/05/16 v1.17 Key value parser (HO)
Package: kvdefinekeys 2016/05/16 v1.4 Define keys (HO)
Package: pdftexcmds 2017/03/19 v0.25 Utility functions of pdfTeX for LuaTeX (HO
)
Package pdftexcmds Info: LuaTeX not detected.
Package pdftexcmds Info: \pdf@primitive is available.
Package pdftexcmds Info: \pdf@ifprimitive is available.
Package pdftexcmds Info: \pdfdraftmode found.
Package: pdfescape 2016/05/16 v1.14 Implements pdfTeX's escape features (HO)
Package: bigintcalc 2016/05/16 v1.4 Expandable calculations on big integers (HO
)
Package: bitset 2016/05/16 v1.2 Handle bit-vector datatype (HO)
Package: uniquecounter 2016/05/16 v1.3 Provide unlimited unique counter (HO)
)
Package hobsub Info: Skipping package `hobsub' (already loaded).
Package: letltxmacro 2016/05/16 v1.5 Let assignment for LaTeX macros (HO)
Package: hopatch 2016/05/16 v1.3 Wrapper for package hooks (HO)
Package: xcolor-patch 2016/05/16 xcolor patch
Package: atveryend 2016/05/16 v1.9 Hooks at the very end of document (HO)
Package atveryend Info: \enddocument detected (standard20110627).
Package hobsub Info: Skipping package `atbegshi' (already loaded).
Package: refcount 2016/05/16 v3.5 Data extraction from label references (HO)
Package: hycolor 2016/05/16 v1.8 Color options for hyperref/bookmark (HO)
)
("C:\Program Files\MiKTeX 2.9\tex\generic\ifxetex\ifxetex.sty"
Package: ifxetex 2010/09/12 v0.6 Provides ifxetex conditional
)
("C:\Program Files\MiKTeX 2.9\tex\latex\oberdiek\auxhook.sty"
Package: auxhook 2016/05/16 v1.4 Hooks for auxiliary files (HO)
)
("C:\Program Files\MiKTeX 2.9\tex\latex\oberdiek\kvoptions.sty"
Package: kvoptions 2016/05/16 v3.12 Key value format for package options (HO)
)
\@linkdim=\dimen130
\Hy@linkcounter=\count153
\Hy@pagecounter=\count154

("C:\Program Files\MiKTeX 2.9\tex\latex\hyperref\pd1enc.def"
File: pd1enc.def 2017/03/14 v6.85a Hyperref: PDFDocEncoding definition (HO)
)
\Hy@SavedSpaceFactor=\count155

("C:\Program Files\MiKTeX 2.9\tex\latex\00miktex\hyperref.cfg"
File: hyperref.cfg 2002/06/06 v1.2 hyperref configuration of TeXLive
)
Package hyperref Info: Hyper figures OFF on input line 4498.
Package hyperref Info: Link nesting OFF on input line 4503.
Package hyperref Info: Hyper index ON on input line 4506.
Package hyperref Info: Plain pages OFF on input line 4513.
Package hyperref Info: Backreferencing OFF on input line 4518.
Package hyperref Info: Implicit mode ON; LaTeX internals redefined.
Package hyperref Info: Bookmarks ON on input line 4751.
\c@Hy@tempcnt=\count156

(C:\Users\Utilisateur\AppData\Roaming\MiKTeX\2.9\tex\latex\url\url.sty
\Urlmuskip=\muskip11
Package: url 2013/09/16  ver 3.4  Verb mode for urls, etc.
)
LaTeX Info: Redefining \url on input line 5104.
\XeTeXLinkMargin=\dimen131
\Fld@menulength=\count157
\Field@Width=\dimen132
\Fld@charsize=\dimen133
Package hyperref Info: Hyper figures OFF on input line 6358.
Package hyperref Info: Link nesting OFF on input line 6363.
Package hyperref Info: Hyper index ON on input line 6366.
Package hyperref Info: backreferencing OFF on input line 6373.
Package hyperref Info: Link coloring OFF on input line 6378.
Package hyperref Info: Link coloring with OCG OFF on input line 6383.
Package hyperref Info: PDF/A mode OFF on input line 6388.
LaTeX Info: Redefining \ref on input line 6428.
LaTeX Info: Redefining \pageref on input line 6432.
\Hy@abspage=\count158
\c@Item=\count159
\c@Hfootnote=\count160
)

Package hyperref Message: Driver (autodetected): hpdftex.

("C:\Program Files\MiKTeX 2.9\tex\latex\hyperref\hpdftex.def"
File: hpdftex.def 2017/03/14 v6.85a Hyperref driver for pdfTeX
\Fld@listcount=\count161
\c@bookmark@seq@number=\count162

("C:\Program Files\MiKTeX 2.9\tex\latex\oberdiek\rerunfilecheck.sty"
Package: rerunfilecheck 2016/05/16 v1.8 Rerun checks for auxiliary files (HO)
Package uniquecounter Info: New unique counter `rerunfilecheck' on input line 2
82.
)
\Hy@SectionHShift=\skip65
)
(C:\Users\Utilisateur\AppData\Roaming\MiKTeX\2.9\tex\latex\pgf\frontendlayer\ti
kz.sty
(C:\Users\Utilisateur\AppData\Roaming\MiKTeX\2.9\tex\latex\pgf\basiclayer\pgf.s
ty
(C:\Users\Utilisateur\AppData\Roaming\MiKTeX\2.9\tex\latex\pgf\utilities\pgfrcs
.sty
(C:\Users\Utilisateur\AppData\Roaming\MiKTeX\2.9\tex\generic\pgf\utilities\pgfu
til-common.tex
\pgfutil@everybye=\toks30
\pgfutil@tempdima=\dimen134
\pgfutil@tempdimb=\dimen135

(C:\Users\Utilisateur\AppData\Roaming\MiKTeX\2.9\tex\generic\pgf\utilities\pgfu
til-common-lists.tex))
(C:\Users\Utilisateur\AppData\Roaming\MiKTeX\2.9\tex\generic\pgf\utilities\pgfu
til-latex.def
\pgfutil@abb=\box58

(C:\Users\Utilisateur\AppData\Roaming\MiKTeX\2.9\tex\latex\ms\everyshi.sty
Package: everyshi 2001/05/15 v3.00 EveryShipout Package (MS)
))
(C:\Users\Utilisateur\AppData\Roaming\MiKTeX\2.9\tex\generic\pgf\utilities\pgfr
cs.code.tex
Package: pgfrcs 2015/08/07 v3.0.1a (rcs-revision 1.31)
))
Package: pgf 2015/08/07 v3.0.1a (rcs-revision 1.15)

(C:\Users\Utilisateur\AppData\Roaming\MiKTeX\2.9\tex\latex\pgf\basiclayer\pgfco
re.sty
(C:\Users\Utilisateur\AppData\Roaming\MiKTeX\2.9\tex\latex\pgf\systemlayer\pgfs
ys.sty
(C:\Users\Utilisateur\AppData\Roaming\MiKTeX\2.9\tex\generic\pgf\systemlayer\pg
fsys.code.tex
Package: pgfsys 2014/07/09 v3.0.1a (rcs-revision 1.48)

(C:\Users\Utilisateur\AppData\Roaming\MiKTeX\2.9\tex\generic\pgf\utilities\pgfk
eys.code.tex
\pgfkeys@pathtoks=\toks31
\pgfkeys@temptoks=\toks32

(C:\Users\Utilisateur\AppData\Roaming\MiKTeX\2.9\tex\generic\pgf\utilities\pgfk
eysfiltered.code.tex
\pgfkeys@tmptoks=\toks33
))
\pgf@x=\dimen136
\pgf@y=\dimen137
\pgf@xa=\dimen138
\pgf@ya=\dimen139
\pgf@xb=\dimen140
\pgf@yb=\dimen141
\pgf@xc=\dimen142
\pgf@yc=\dimen143
\w@pgf@writea=\write3
\r@pgf@reada=\read1
\c@pgf@counta=\count163
\c@pgf@countb=\count164
\c@pgf@countc=\count165
\c@pgf@countd=\count166
\t@pgf@toka=\toks34
\t@pgf@tokb=\toks35
\t@pgf@tokc=\toks36

(C:\Users\Utilisateur\AppData\Roaming\MiKTeX\2.9\tex\generic\pgf\systemlayer\pg
f.cfg
File: pgf.cfg 2008/05/14  (rcs-revision 1.7)
)
Driver file for pgf: pgfsys-pdftex.def

(C:\Users\Utilisateur\AppData\Roaming\MiKTeX\2.9\tex\generic\pgf\systemlayer\pg
fsys-pdftex.def
File: pgfsys-pdftex.def 2014/10/11  (rcs-revision 1.35)

(C:\Users\Utilisateur\AppData\Roaming\MiKTeX\2.9\tex\generic\pgf\systemlayer\pg
fsys-common-pdf.def
File: pgfsys-common-pdf.def 2013/10/10  (rcs-revision 1.13)
)))
(C:\Users\Utilisateur\AppData\Roaming\MiKTeX\2.9\tex\generic\pgf\systemlayer\pg
fsyssoftpath.code.tex
File: pgfsyssoftpath.code.tex 2013/09/09  (rcs-revision 1.9)
\pgfsyssoftpath@smallbuffer@items=\count167
\pgfsyssoftpath@bigbuffer@items=\count168
)
(C:\Users\Utilisateur\AppData\Roaming\MiKTeX\2.9\tex\generic\pgf\systemlayer\pg
fsysprotocol.code.tex
File: pgfsysprotocol.code.tex 2006/10/16  (rcs-revision 1.4)
))
(C:\Users\Utilisateur\AppData\Roaming\MiKTeX\2.9\tex\latex\xcolor\xcolor.sty
Package: xcolor 2016/05/11 v2.12 LaTeX color extensions (UK)

("C:\Program Files\MiKTeX 2.9\tex\latex\graphics-cfg\color.cfg"
File: color.cfg 2016/01/02 v1.6 sample color configuration
)
Package xcolor Info: Driver file: pdftex.def on input line 225.
LaTeX Info: Redefining \color on input line 709.
Package xcolor Info: Model `cmy' substituted by `cmy0' on input line 1348.
Package xcolor Info: Model `hsb' substituted by `rgb' on input line 1352.
Package xcolor Info: Model `RGB' extended on input line 1364.
Package xcolor Info: Model `HTML' substituted by `rgb' on input line 1366.
Package xcolor Info: Model `Hsb' substituted by `hsb' on input line 1367.
Package xcolor Info: Model `tHsb' substituted by `hsb' on input line 1368.
Package xcolor Info: Model `HSB' substituted by `hsb' on input line 1369.
Package xcolor Info: Model `Gray' substituted by `gray' on input line 1370.
Package xcolor Info: Model `wave' substituted by `hsb' on input line 1371.
)
(C:\Users\Utilisateur\AppData\Roaming\MiKTeX\2.9\tex\generic\pgf\basiclayer\pgf
core.code.tex
Package: pgfcore 2010/04/11 v3.0.1a (rcs-revision 1.7)

(C:\Users\Utilisateur\AppData\Roaming\MiKTeX\2.9\tex\generic\pgf\math\pgfmath.c
ode.tex
(C:\Users\Utilisateur\AppData\Roaming\MiKTeX\2.9\tex\generic\pgf\math\pgfmathca
lc.code.tex
(C:\Users\Utilisateur\AppData\Roaming\MiKTeX\2.9\tex\generic\pgf\math\pgfmathut
il.code.tex)
(C:\Users\Utilisateur\AppData\Roaming\MiKTeX\2.9\tex\generic\pgf\math\pgfmathpa
rser.code.tex
\pgfmath@dimen=\dimen144
\pgfmath@count=\count169
\pgfmath@box=\box59
\pgfmath@toks=\toks37
\pgfmath@stack@operand=\toks38
\pgfmath@stack@operation=\toks39
)
(C:\Users\Utilisateur\AppData\Roaming\MiKTeX\2.9\tex\generic\pgf\math\pgfmathfu
nctions.code.tex
(C:\Users\Utilisateur\AppData\Roaming\MiKTeX\2.9\tex\generic\pgf\math\pgfmathfu
nctions.basic.code.tex)
(C:\Users\Utilisateur\AppData\Roaming\MiKTeX\2.9\tex\generic\pgf\math\pgfmathfu
nctions.trigonometric.code.tex)
(C:\Users\Utilisateur\AppData\Roaming\MiKTeX\2.9\tex\generic\pgf\math\pgfmathfu
nctions.random.code.tex)
(C:\Users\Utilisateur\AppData\Roaming\MiKTeX\2.9\tex\generic\pgf\math\pgfmathfu
nctions.comparison.code.tex)
(C:\Users\Utilisateur\AppData\Roaming\MiKTeX\2.9\tex\generic\pgf\math\pgfmathfu
nctions.base.code.tex)
(C:\Users\Utilisateur\AppData\Roaming\MiKTeX\2.9\tex\generic\pgf\math\pgfmathfu
nctions.round.code.tex)
(C:\Users\Utilisateur\AppData\Roaming\MiKTeX\2.9\tex\generic\pgf\math\pgfmathfu
nctions.misc.code.tex)
(C:\Users\Utilisateur\AppData\Roaming\MiKTeX\2.9\tex\generic\pgf\math\pgfmathfu
nctions.integerarithmetics.code.tex)))
(C:\Users\Utilisateur\AppData\Roaming\MiKTeX\2.9\tex\generic\pgf\math\pgfmathfl
oat.code.tex
\c@pgfmathroundto@lastzeros=\count170
))
(C:\Users\Utilisateur\AppData\Roaming\MiKTeX\2.9\tex\generic\pgf\basiclayer\pgf
corepoints.code.tex
File: pgfcorepoints.code.tex 2013/10/07  (rcs-revision 1.27)
\pgf@picminx=\dimen145
\pgf@picmaxx=\dimen146
\pgf@picminy=\dimen147
\pgf@picmaxy=\dimen148
\pgf@pathminx=\dimen149
\pgf@pathmaxx=\dimen150
\pgf@pathminy=\dimen151
\pgf@pathmaxy=\dimen152
\pgf@xx=\dimen153
\pgf@xy=\dimen154
\pgf@yx=\dimen155
\pgf@yy=\dimen156
\pgf@zx=\dimen157
\pgf@zy=\dimen158
)
(C:\Users\Utilisateur\AppData\Roaming\MiKTeX\2.9\tex\generic\pgf\basiclayer\pgf
corepathconstruct.code.tex
File: pgfcorepathconstruct.code.tex 2013/10/07  (rcs-revision 1.29)
\pgf@path@lastx=\dimen159
\pgf@path@lasty=\dimen160
)
(C:\Users\Utilisateur\AppData\Roaming\MiKTeX\2.9\tex\generic\pgf\basiclayer\pgf
corepathusage.code.tex
File: pgfcorepathusage.code.tex 2014/11/02  (rcs-revision 1.24)
\pgf@shorten@end@additional=\dimen161
\pgf@shorten@start@additional=\dimen162
)
(C:\Users\Utilisateur\AppData\Roaming\MiKTeX\2.9\tex\generic\pgf\basiclayer\pgf
corescopes.code.tex
File: pgfcorescopes.code.tex 2015/05/08  (rcs-revision 1.46)
\pgfpic=\box60
\pgf@hbox=\box61
\pgf@layerbox@main=\box62
\pgf@picture@serial@count=\count171
)
(C:\Users\Utilisateur\AppData\Roaming\MiKTeX\2.9\tex\generic\pgf\basiclayer\pgf
coregraphicstate.code.tex
File: pgfcoregraphicstate.code.tex 2014/11/02  (rcs-revision 1.12)
\pgflinewidth=\dimen163
)
(C:\Users\Utilisateur\AppData\Roaming\MiKTeX\2.9\tex\generic\pgf\basiclayer\pgf
coretransformations.code.tex
File: pgfcoretransformations.code.tex 2015/08/07  (rcs-revision 1.20)
\pgf@pt@x=\dimen164
\pgf@pt@y=\dimen165
\pgf@pt@temp=\dimen166
)
(C:\Users\Utilisateur\AppData\Roaming\MiKTeX\2.9\tex\generic\pgf\basiclayer\pgf
corequick.code.tex
File: pgfcorequick.code.tex 2008/10/09  (rcs-revision 1.3)
)
(C:\Users\Utilisateur\AppData\Roaming\MiKTeX\2.9\tex\generic\pgf\basiclayer\pgf
coreobjects.code.tex
File: pgfcoreobjects.code.tex 2006/10/11  (rcs-revision 1.2)
)
(C:\Users\Utilisateur\AppData\Roaming\MiKTeX\2.9\tex\generic\pgf\basiclayer\pgf
corepathprocessing.code.tex
File: pgfcorepathprocessing.code.tex 2013/09/09  (rcs-revision 1.9)
)
(C:\Users\Utilisateur\AppData\Roaming\MiKTeX\2.9\tex\generic\pgf\basiclayer\pgf
corearrows.code.tex
File: pgfcorearrows.code.tex 2015/05/14  (rcs-revision 1.43)
\pgfarrowsep=\dimen167
)
(C:\Users\Utilisateur\AppData\Roaming\MiKTeX\2.9\tex\generic\pgf\basiclayer\pgf
coreshade.code.tex
File: pgfcoreshade.code.tex 2013/07/15  (rcs-revision 1.15)
\pgf@max=\dimen168
\pgf@sys@shading@range@num=\count172
)
(C:\Users\Utilisateur\AppData\Roaming\MiKTeX\2.9\tex\generic\pgf\basiclayer\pgf
coreimage.code.tex
File: pgfcoreimage.code.tex 2013/07/15  (rcs-revision 1.18)

(C:\Users\Utilisateur\AppData\Roaming\MiKTeX\2.9\tex\generic\pgf\basiclayer\pgf
coreexternal.code.tex
File: pgfcoreexternal.code.tex 2014/07/09  (rcs-revision 1.21)
\pgfexternal@startupbox=\box63
))
(C:\Users\Utilisateur\AppData\Roaming\MiKTeX\2.9\tex\generic\pgf\basiclayer\pgf
corelayers.code.tex
File: pgfcorelayers.code.tex 2013/07/18  (rcs-revision 1.7)
)
(C:\Users\Utilisateur\AppData\Roaming\MiKTeX\2.9\tex\generic\pgf\basiclayer\pgf
coretransparency.code.tex
File: pgfcoretransparency.code.tex 2013/09/30  (rcs-revision 1.5)
)
(C:\Users\Utilisateur\AppData\Roaming\MiKTeX\2.9\tex\generic\pgf\basiclayer\pgf
corepatterns.code.tex
File: pgfcorepatterns.code.tex 2013/11/07  (rcs-revision 1.5)
)))
(C:\Users\Utilisateur\AppData\Roaming\MiKTeX\2.9\tex\generic\pgf\modules\pgfmod
uleshapes.code.tex
File: pgfmoduleshapes.code.tex 2014/03/21  (rcs-revision 1.35)
\pgfnodeparttextbox=\box64
)
(C:\Users\Utilisateur\AppData\Roaming\MiKTeX\2.9\tex\generic\pgf\modules\pgfmod
uleplot.code.tex
File: pgfmoduleplot.code.tex 2015/08/03  (rcs-revision 1.13)
)
(C:\Users\Utilisateur\AppData\Roaming\MiKTeX\2.9\tex\latex\pgf\compatibility\pg
fcomp-version-0-65.sty
Package: pgfcomp-version-0-65 2007/07/03 v3.0.1a (rcs-revision 1.7)
\pgf@nodesepstart=\dimen169
\pgf@nodesepend=\dimen170
)
(C:\Users\Utilisateur\AppData\Roaming\MiKTeX\2.9\tex\latex\pgf\compatibility\pg
fcomp-version-1-18.sty
Package: pgfcomp-version-1-18 2007/07/23 v3.0.1a (rcs-revision 1.1)
))
(C:\Users\Utilisateur\AppData\Roaming\MiKTeX\2.9\tex\latex\pgf\utilities\pgffor
.sty
(C:\Users\Utilisateur\AppData\Roaming\MiKTeX\2.9\tex\latex\pgf\utilities\pgfkey
s.sty
(C:\Users\Utilisateur\AppData\Roaming\MiKTeX\2.9\tex\generic\pgf\utilities\pgfk
eys.code.tex))
(C:\Users\Utilisateur\AppData\Roaming\MiKTeX\2.9\tex\latex\pgf\math\pgfmath.sty

(C:\Users\Utilisateur\AppData\Roaming\MiKTeX\2.9\tex\generic\pgf\math\pgfmath.c
ode.tex))
(C:\Users\Utilisateur\AppData\Roaming\MiKTeX\2.9\tex\generic\pgf\utilities\pgff
or.code.tex
Package: pgffor 2013/12/13 v3.0.1a (rcs-revision 1.25)

(C:\Users\Utilisateur\AppData\Roaming\MiKTeX\2.9\tex\generic\pgf\math\pgfmath.c
ode.tex)
\pgffor@iter=\dimen171
\pgffor@skip=\dimen172
\pgffor@stack=\toks40
\pgffor@toks=\toks41
))
(C:\Users\Utilisateur\AppData\Roaming\MiKTeX\2.9\tex\generic\pgf\frontendlayer\
tikz\tikz.code.tex
Package: tikz 2015/08/07 v3.0.1a (rcs-revision 1.151)

(C:\Users\Utilisateur\AppData\Roaming\MiKTeX\2.9\tex\generic\pgf\libraries\pgfl
ibraryplothandlers.code.tex
File: pgflibraryplothandlers.code.tex 2013/08/31 v3.0.1a (rcs-revision 1.20)
\pgf@plot@mark@count=\count173
\pgfplotmarksize=\dimen173
)
\tikz@lastx=\dimen174
\tikz@lasty=\dimen175
\tikz@lastxsaved=\dimen176
\tikz@lastysaved=\dimen177
\tikzleveldistance=\dimen178
\tikzsiblingdistance=\dimen179
\tikz@figbox=\box65
\tikz@figbox@bg=\box66
\tikz@tempbox=\box67
\tikz@tempbox@bg=\box68
\tikztreelevel=\count174
\tikznumberofchildren=\count175
\tikznumberofcurrentchild=\count176
\tikz@fig@count=\count177

(C:\Users\Utilisateur\AppData\Roaming\MiKTeX\2.9\tex\generic\pgf\modules\pgfmod
ulematrix.code.tex
File: pgfmodulematrix.code.tex 2013/09/17  (rcs-revision 1.8)
\pgfmatrixcurrentrow=\count178
\pgfmatrixcurrentcolumn=\count179
\pgf@matrix@numberofcolumns=\count180
)
\tikz@expandcount=\count181

(C:\Users\Utilisateur\AppData\Roaming\MiKTeX\2.9\tex\generic\pgf\frontendlayer\
tikz\libraries\tikzlibrarytopaths.code.tex
File: tikzlibrarytopaths.code.tex 2008/06/17 v3.0.1a (rcs-revision 1.2)
)))
(C:\Users\Utilisateur\AppData\Roaming\MiKTeX\2.9\tex\latex\tkz-tab\tkz-tab.sty
Package: tkz-tab 2011/04/17 v1.4c variations (ctan version) 

("C:\Program Files\MiKTeX 2.9\tex\latex\etex-pkg\etex.sty"
Package: etex 2016/08/01 v2.7 eTeX basic definition package (PEB,DPC)
\et@xins=\count182
)
("C:\Program Files\MiKTeX 2.9\tex\latex\xkeyval\xkeyval.sty"
Package: xkeyval 2014/12/03 v2.7a package option processing (HA)

("C:\Program Files\MiKTeX 2.9\tex\generic\xkeyval\xkeyval.tex"
("C:\Program Files\MiKTeX 2.9\tex\generic\xkeyval\xkvutils.tex"
\XKV@toks=\toks42
\XKV@tempa@toks=\toks43
)
\XKV@depth=\count183
File: xkeyval.tex 2014/12/03 v2.7a key=value parser (HA)
))
(C:\Users\Utilisateur\AppData\Roaming\MiKTeX\2.9\tex\generic\pgf\frontendlayer\
tikz\libraries\tikzlibraryarrows.code.tex
File: tikzlibraryarrows.code.tex 2008/01/09 v3.0.1a (rcs-revision 1.1)

(C:\Users\Utilisateur\AppData\Roaming\MiKTeX\2.9\tex\generic\pgf\libraries\pgfl
ibraryarrows.code.tex
File: pgflibraryarrows.code.tex 2013/09/23 v3.0.1a (rcs-revision 1.16)
\arrowsize=\dimen180
))
(C:\Users\Utilisateur\AppData\Roaming\MiKTeX\2.9\tex\generic\pgf\frontendlayer\
tikz\libraries\tikzlibrarypatterns.code.tex
File: tikzlibrarypatterns.code.tex 2008/01/15 v3.0.1a (rcs-revision 1.2)

(C:\Users\Utilisateur\AppData\Roaming\MiKTeX\2.9\tex\generic\pgf\libraries\pgfl
ibrarypatterns.code.tex
File: pgflibrarypatterns.code.tex 2008/03/03 v3.0.1a (rcs-revision 1.13)
))
\tkz@XF=\dimen181
\tkz@YF=\dimen182
\c@tkz@cnt@line=\count184
\c@tkz@cnt@lg=\count185
\c@tkz@cnt@cl=\count186
\c@tkz@cnt@pred=\count187
\c@tkz@cnt@temp=\count188
\c@tkz@cnt@arrow=\count189
\c@tkz@cnt@zone=\count190
\c@tkz@cnt@lgnext=\count191
\c@tkz@cnt@clnext=\count192
\c@tkz@cnt@pair=\count193
\c@tkz@cnt@impair=\count194
\c@tkz@cnt@aw=\count195
)
(C:\Users\Utilisateur\AppData\Roaming\MiKTeX\2.9\tex\latex\slashbox\slashbox.st
y
slashbox style by K.Yasuoka, May 1993.
\@slashboxa=\box69
\@slashboxb=\box70
\@slashboxc=\box71
\@slashboxwd=\count196
\@slashboxht=\count197
\@slashsepl=\dimen183
\@slashsepr=\dimen184
)
(C:\Users\Utilisateur\AppData\Roaming\MiKTeX\2.9\tex\latex\doublestroke\dsfont.
sty
Package: dsfont 1995/08/01 v0.1 Double stroke roman fonts
) ("C:\Program Files\MiKTeX 2.9\tex\latex\geometry\geometry.sty"
Package: geometry 2010/09/12 v5.6 Page Geometry
\Gm@cnth=\count198
\Gm@cntv=\count199
Normal \count register pool exhausted, switching to extended pool.
\c@Gm@tempcnt=\count277
\Gm@bindingoffset=\dimen185
\Gm@wd@mp=\dimen186
\Gm@odd@mp=\dimen187
\Gm@even@mp=\dimen188
\Gm@layoutwidth=\dimen189
\Gm@layoutheight=\dimen190
\Gm@layouthoffset=\dimen191
\Gm@layoutvoffset=\dimen192
\Gm@dimlist=\toks44

("C:\Program Files\MiKTeX 2.9\tex\latex\geometry\geometry.cfg"))
("C:\Program Files\MiKTeX 2.9\tex\latex\amscls\amsthm.sty"
Package: amsthm 2015/03/04 v2.20.2
\thm@style=\toks45
\thm@bodyfont=\toks46
\thm@headfont=\toks47
\thm@notefont=\toks48
\thm@headpunct=\toks49
\thm@preskip=\skip66
\thm@postskip=\skip67
\thm@headsep=\skip68
\dth@everypar=\toks50
)
\c@theo=\count278
 (synthèse.aux)
\openout1 = `synthèse.aux'.

LaTeX Font Info:    Checking defaults for OML/cmm/m/it on input line 33.
LaTeX Font Info:    ... okay on input line 33.
LaTeX Font Info:    Checking defaults for T1/cmr/m/n on input line 33.
LaTeX Font Info:    ... okay on input line 33.
LaTeX Font Info:    Checking defaults for OT1/cmr/m/n on input line 33.
LaTeX Font Info:    ... okay on input line 33.
LaTeX Font Info:    Checking defaults for OMS/cmsy/m/n on input line 33.
LaTeX Font Info:    ... okay on input line 33.
LaTeX Font Info:    Checking defaults for OMX/cmex/m/n on input line 33.
LaTeX Font Info:    ... okay on input line 33.
LaTeX Font Info:    Checking defaults for U/cmr/m/n on input line 33.
LaTeX Font Info:    ... okay on input line 33.
LaTeX Font Info:    Checking defaults for PD1/pdf/m/n on input line 33.
LaTeX Font Info:    ... okay on input line 33.
LaTeX Info: Redefining \degres on input line 33.
LaTeX Info: Redefining \dots on input line 33.
LaTeX Info: Redefining \up on input line 33.

(C:\Users\Utilisateur\AppData\Roaming\MiKTeX\2.9\tex\context\base\supp-pdf.mkii
[Loading MPS to PDF converter (version 2006.09.02).]
\scratchcounter=\count279
\scratchdimen=\dimen193
\scratchbox=\box72
\nofMPsegments=\count280
\nofMParguments=\count281
\everyMPshowfont=\toks51
\MPscratchCnt=\count282
\MPscratchDim=\dimen194
\MPnumerator=\count283
\makeMPintoPDFobject=\count284
\everyMPtoPDFconversion=\toks52
) ("C:\Program Files\MiKTeX 2.9\tex\latex\oberdiek\epstopdf-base.sty"
Package: epstopdf-base 2016/05/15 v2.6 Base part for package epstopdf

("C:\Program Files\MiKTeX 2.9\tex\latex\oberdiek\grfext.sty"
Package: grfext 2016/05/16 v1.2 Manage graphics extensions (HO)
)
Package epstopdf-base Info: Redefining graphics rule for `.eps' on input line 4
38.
Package grfext Info: Graphics extension search list:
(grfext)             [.pdf,.png,.jpg,.mps,.jpeg,.jbig2,.jb2,.PDF,.PNG,.JPG,.JPE
G,.JBIG2,.JB2,.eps]
(grfext)             \AppendGraphicsExtensions on input line 456.
)
\AtBeginShipoutBox=\box73

("C:\Program Files\MiKTeX 2.9\tex\latex\oberdiek\pdflscape.sty"
Package: pdflscape 2016/05/14 v0.11 Display of landscape pages in PDF (HO)

("C:\Program Files\MiKTeX 2.9\tex\latex\graphics\lscape.sty"
Package: lscape 2000/10/22 v3.01 Landscape Pages (DPC)
)
Package pdflscape Info: Auto-detected driver: pdftex on input line 81.
)
Package hyperref Info: Link coloring OFF on input line 33.

("C:\Program Files\MiKTeX 2.9\tex\latex\hyperref\nameref.sty"
Package: nameref 2016/05/21 v2.44 Cross-referencing by name of section

("C:\Program Files\MiKTeX 2.9\tex\generic\oberdiek\gettitlestring.sty"
Package: gettitlestring 2016/05/16 v1.5 Cleanup title references (HO)
)
\c@section@level=\count285
)
LaTeX Info: Redefining \ref on input line 33.
LaTeX Info: Redefining \pageref on input line 33.
LaTeX Info: Redefining \nameref on input line 33.

(synthèse.out) (synthèse.out)
\@outlinefile=\write4
\openout4 = `synthèse.out'.

 ABD: EveryShipout initializing macros
*geometry* driver: auto-detecting
*geometry* detected driver: pdftex
*geometry* verbose mode - [ preamble ] result:
* driver: pdftex
* paper: a4paper
* layout: <same size as paper>
* layoutoffset:(h,v)=(0.0pt,0.0pt)
* modes: 
* h-part:(L,W,R)=(56.9055pt, 483.69687pt, 56.9055pt)
* v-part:(T,H,B)=(56.9055pt, 731.23584pt, 56.9055pt)
* \paperwidth=597.50787pt
* \paperheight=845.04684pt
* \textwidth=483.69687pt
* \textheight=731.23584pt
* \oddsidemargin=-15.36449pt
* \evensidemargin=-15.36449pt
* \topmargin=-52.36449pt
* \headheight=12.0pt
* \headsep=25.0pt
* \topskip=10.0pt
* \footskip=30.0pt
* \marginparwidth=57.0pt
* \marginparsep=11.0pt
* \columnsep=10.0pt
* \skip\footins=9.0pt plus 4.0pt minus 2.0pt
* \hoffset=0.0pt
* \voffset=0.0pt
* \mag=1000
* \@twocolumnfalse
* \@twosidefalse
* \@mparswitchfalse
* \@reversemarginfalse
* (1in=72.27pt=25.4mm, 1cm=28.453pt)

LaTeX Font Info:    Try loading font information for T1+cmss on input line 36.
("C:\Program Files\MiKTeX 2.9\tex\latex\base\t1cmss.fd"
File: t1cmss.fd 2014/09/29 v2.5h Standard LaTeX font definitions
)

LaTeX Font Warning: Font shape `T1/cmss/m/sc' in size <17.28> not available
(Font)              Font shape `T1/cmr/m/sc' tried instead on input line 39.


LaTeX Font Warning: Font shape `T1/cmss/m/sc' in size <12> not available
(Font)              Font shape `T1/cmr/m/sc' tried instead on input line 40.


Underfull \hbox (badness 10000) in paragraph at lines 57--58

 []

LaTeX Font Info:    Try loading font information for U+msa on input line 60.
("C:\Program Files\MiKTeX 2.9\tex\latex\amsfonts\umsa.fd"
File: umsa.fd 2013/01/14 v3.01 AMS symbols A
)
LaTeX Font Info:    Try loading font information for U+msb on input line 60.

("C:\Program Files\MiKTeX 2.9\tex\latex\amsfonts\umsb.fd"
File: umsb.fd 2013/01/14 v3.01 AMS symbols B
)
LaTeX Font Info:    Try loading font information for U+rsfs on input line 60.

("C:\Program Files\MiKTeX 2.9\tex\latex\jknappen\ursfs.fd"
File: ursfs.fd 1998/03/24 rsfs font definition file (jk)
) [1{C:/Users/Utilisateur/AppData/Local/MiKTeX/2.9/pdftex/config/pdftex.map}

] [2] [3]
Package atveryend Info: Empty hook `BeforeClearDocument' on input line 95.
Package atveryend Info: Empty hook `AfterLastShipout' on input line 95.
 (synthèse.aux)
Package atveryend Info: Executing hook `AtVeryEndDocument' on input line 95.
Package atveryend Info: Executing hook `AtEndAfterFileList' on input line 95.
Package rerunfilecheck Info: File `synthèse.out' has not changed.
(rerunfilecheck)             Checksum: D41D8CD98F00B204E9800998ECF8427E;0.
Package atveryend Info: Empty hook `AtVeryVeryEnd' on input line 95.
 ) 
Here is how much of TeX's memory you used:
 19991 strings out of 493312
 369786 string characters out of 3138880
 457475 words of memory out of 3000000
 23122 multiletter control sequences out of 15000+200000
 13921 words of font info for 36 fonts, out of 3000000 for 9000
 1141 hyphenation exceptions out of 8191
 55i,12n,61p,1524b,484s stack positions out of 5000i,500n,10000p,200000b,50000s
 <C:\Users\Utilisateur\AppData\Local\MiKTeX\2.9\fonts\pk\ljfour\jknappen\ec\d
pi600\ecti1000.pk> <C:\Users\Utilisateur\AppData\Local\MiKTeX\2.9\fonts\pk\ljfo
ur\jknappen\ec\dpi600\eccc1000.pk> <C:\Users\Utilisateur\AppData\Local\MiKTeX\2
.9\fonts\pk\ljfour\jknappen\ec\dpi600\ecbx1200.pk> <C:\Users\Utilisateur\AppDat
a\Local\MiKTeX\2.9\fonts\pk\ljfour\jknappen\ec\dpi600\eccc1200.pk> <C:\Users\Ut
ilisateur\AppData\Local\MiKTeX\2.9\fonts\pk\ljfour\jknappen\ec\dpi600\eccc1728.
pk> <C:\Users\Utilisateur\AppData\Local\MiKTeX\2.9\fonts\pk\ljfour\jknappen\ec\
dpi600\ecbx1000.pk> <C:\Users\Utilisateur\AppData\Local\MiKTeX\2.9\fonts\pk\ljf
our\jknappen\ec\dpi600\ecrm1000.pk><C:/Program Files/MiKTeX 2.9/fonts/type1/pub
lic/amsfonts/cm/cmr10.pfb><C:/Program Files/MiKTeX 2.9/fonts/type1/public/amsfo
nts/cm/cmsy10.pfb>
Output written on synthèse.pdf (3 pages, 99359 bytes).
PDF statistics:
 270 PDF objects out of 1000 (max. 8388607)
 11 named destinations out of 1000 (max. 500000)
 13 words of extra memory for PDF output out of 10000 (max. 10000000)

